<?xml version="1.0" encoding="UTF-8"?>
<!-- Generated by org.testng.reporters.JUnitXMLReporter -->
<testsuite hostname="DESKTOP-CN3CBMR" ignored="0" name="testngexamplsuite" tests="5" failures="0" timestamp="29 Jul 2021 13:24:49 GMT" time="90.346" errors="0">
  <testcase name="login" time="0.007" classname="testngpack.Exampl1"/>
  <testcase name="amaz" time="2.975" classname="testngpack.TestNgexampl2"/>
  <testcase name="fb" time="2.622" classname="testngpack.TestNgexampl2"/>
  <testcase name="inbox" time="0.001" classname="testngpack.Exampl1"/>
  <testcase name="cemail" time="0.001" classname="testngpack.Exampl1"/>
</testsuite> <!-- testngexamplsuite -->
